Vivado Simulator 2020.2
Copyright 1986-1999, 2001-2020 Xilinx, Inc. All Rights Reserved.
Running: D:/Vivado/Vivado/2020.2/bin/unwrapped/win64.o/xelab.exe -wto 191fac4ca47143d4bfd1570d9ff719f6 --incr --debug typical --relax --mt 2 -L xil_defaultlib -L secureip --snapshot tb_top_behav xil_defaultlib.tb_top -log elaborate.log 
Using 2 slave threads.
Starting static elaboration
Completed static elaboration
Starting simulation data flow analysis
Completed simulation data flow analysis
Time Resolution for simulation is 1ps
Compiling package std.standard
Compiling package std.textio
Compiling package ieee.std_logic_1164
Compiling package ieee.math_real
Compiling package ieee.numeric_std
Compiling architecture behavioral of entity xil_defaultlib.option [option_default]
Compiling architecture behavioral of entity xil_defaultlib.clock [clock_default]
Compiling architecture behave of entity xil_defaultlib.velocity [velocity_default]
Compiling architecture behave of entity xil_defaultlib.avg_velocity [avg_velocity_default]
Compiling architecture behavioral of entity xil_defaultlib.distance [distance_default]
Compiling architecture behavioral of entity xil_defaultlib.output [output_default]
Compiling architecture behavioral of entity xil_defaultlib.computation [computation_default]
Compiling architecture dataflow of entity xil_defaultlib.displayer [displayer_default]
Compiling architecture behavioral of entity xil_defaultlib.top [top_default]
Compiling architecture behavioral of entity xil_defaultlib.tb_top
Built simulation snapshot tb_top_behav
